<?xml version="1.0" encoding="UTF-8"?>
<testsuite name="com.example.artfriendly.ArtfriendlyApplicationTests" tests="1" skipped="0" failures="0" errors="0" timestamp="2024-02-02T01:47:54" hostname="DESKTOP-7K1B5BE" time="1.33">
  <properties/>
  <testcase name="contextLoads()" classname="com.example.artfriendly.ArtfriendlyApplicationTests" time="1.33"/>
  <system-out><![CDATA[10:47:47.269 [Test worker] INFO org.springframework.test.context.support.AnnotationConfigContextLoaderUtils -- Could not detect default configuration classes for test class [com.example.artfriendly.ArtfriendlyApplicationTests]: ArtfriendlyApplicationTests does not declare any static, non-private, non-final, nested classes annotated with @Configuration.
10:47:47.385 [Test worker] INFO org.springframework.boot.test.context.SpringBootTestContextBootstrapper -- Found @SpringBootConfiguration com.example.artfriendly.ArtfriendlyApplication for test class com.example.artfriendly.ArtfriendlyApplicationTests

  .   ____          _            __ _ _
 /\\ / ___'_ __ _ _(_)_ __  __ _ \ \ \ \
( ( )\___ | '_ | '_| | '_ \/ _` | \ \ \ \
 \\/  ___)| |_)| | | | | || (_| |  ) ) ) )
  '  |____| .__|_| |_|_| |_\__, | / / / /
 =========|_|==============|___/=/_/_/_/
 :: Spring Boot ::                (v3.1.8)

2024-02-02T10:47:47.911+09:00  INFO 8560 --- [    Test worker] c.e.a.ArtfriendlyApplicationTests        : Starting ArtfriendlyApplicationTests using Java 17.0.9 with PID 8560 (started by User in C:\Project\art-friendly-backend)
2024-02-02T10:47:47.913+09:00  INFO 8560 --- [    Test worker] c.e.a.ArtfriendlyApplicationTests        : No active profile set, falling back to 1 default profile: "default"
2024-02-02T10:47:49.241+09:00  INFO 8560 --- [    Test worker] .s.d.r.c.RepositoryConfigurationDelegate : Bootstrapping Spring Data JPA repositories in DEFAULT mode.
2024-02-02T10:47:49.266+09:00  INFO 8560 --- [    Test worker] .s.d.r.c.RepositoryConfigurationDelegate : Finished Spring Data repository scanning in 16 ms. Found 0 JPA repository interfaces.
2024-02-02T10:47:50.076+09:00  INFO 8560 --- [    Test worker] com.zaxxer.hikari.HikariDataSource       : HikariPool-1 - Starting...
2024-02-02T10:47:50.314+09:00  INFO 8560 --- [    Test worker] com.zaxxer.hikari.pool.HikariPool        : HikariPool-1 - Added connection conn0: url=jdbc:h2:mem:8f564a5b-38c0-401e-aa28-f68749d3ab91 user=SA
2024-02-02T10:47:50.317+09:00  INFO 8560 --- [    Test worker] com.zaxxer.hikari.HikariDataSource       : HikariPool-1 - Start completed.
2024-02-02T10:47:50.402+09:00  INFO 8560 --- [    Test worker] o.hibernate.jpa.internal.util.LogHelper  : HHH000204: Processing PersistenceUnitInfo [name: default]
2024-02-02T10:47:50.485+09:00  INFO 8560 --- [    Test worker] org.hibernate.Version                    : HHH000412: Hibernate ORM core version 6.2.20.Final
2024-02-02T10:47:50.489+09:00  INFO 8560 --- [    Test worker] org.hibernate.cfg.Environment            : HHH000406: Using bytecode reflection optimizer
2024-02-02T10:47:50.952+09:00  INFO 8560 --- [    Test worker] o.s.o.j.p.SpringPersistenceUnitInfo      : No LoadTimeWeaver setup: ignoring JPA class transformer
2024-02-02T10:47:51.662+09:00  INFO 8560 --- [    Test worker] o.h.e.t.j.p.i.JtaPlatformInitiator       : HHH000489: No JTA platform available (set 'hibernate.transaction.jta.platform' to enable JTA platform integration)
2024-02-02T10:47:51.668+09:00  INFO 8560 --- [    Test worker] j.LocalContainerEntityManagerFactoryBean : Initialized JPA EntityManagerFactory for persistence unit 'default'
2024-02-02T10:47:52.012+09:00  WARN 8560 --- [    Test worker] JpaBaseConfiguration$JpaWebConfiguration : spring.jpa.open-in-view is enabled by default. Therefore, database queries may be performed during view rendering. Explicitly configure spring.jpa.open-in-view to disable this warning
2024-02-02T10:47:54.046+09:00  INFO 8560 --- [    Test worker] o.s.b.a.e.web.EndpointLinksResolver      : Exposing 1 endpoint(s) beneath base path '/actuator'
2024-02-02T10:47:54.196+09:00  INFO 8560 --- [    Test worker] c.e.a.ArtfriendlyApplicationTests        : Started ArtfriendlyApplicationTests in 6.6 seconds (process running for 8.071)
]]></system-out>
  <system-err><![CDATA[]]></system-err>
</testsuite>
